<?xml version="1.0" encoding="UTF-8"?>
<testng-results skipped="0" failed="0" total="3" passed="3">
  <reporter-output>
  </reporter-output>
  <suite name="Default suite" duration-ms="35002" started-at="2019-04-04T02:11:52Z" finished-at="2019-04-04T02:12:27Z">
    <groups>
    </groups>
    <test name="Default test" duration-ms="35002" started-at="2019-04-04T02:11:52Z" finished-at="2019-04-04T02:12:27Z">
      <class name="o2_TestNg_Annotations.O2A_After_before_method">
        <test-method status="PASS" signature="precondition()[pri:0, instance:o2_TestNg_Annotations.O2A_After_before_method@2cfb4a64]" name="precondition" is-config="true" duration-ms="11806" started-at="2019-04-04T07:41:52Z" finished-at="2019-04-04T07:42:04Z">
          <reporter-output>
          </reporter-output>
        </test-method> <!-- precondition -->
        <test-method status="PASS" signature="VerifyLandingPage()[pri:1, instance:o2_TestNg_Annotations.O2A_After_before_method@2cfb4a64]" name="VerifyLandingPage" duration-ms="40" started-at="2019-04-04T07:42:04Z" finished-at="2019-04-04T07:42:04Z">
          <reporter-output>
          </reporter-output>
        </test-method> <!-- VerifyLandingPage -->
        <test-method status="PASS" signature="AM()[pri:0, instance:o2_TestNg_Annotations.O2A_After_before_method@2cfb4a64]" name="AM" is-config="true" duration-ms="2394" started-at="2019-04-04T07:42:04Z" finished-at="2019-04-04T07:42:06Z">
          <reporter-output>
          </reporter-output>
        </test-method> <!-- AM -->
        <test-method status="PASS" signature="precondition()[pri:0, instance:o2_TestNg_Annotations.O2A_After_before_method@2cfb4a64]" name="precondition" is-config="true" duration-ms="6753" started-at="2019-04-04T07:42:06Z" finished-at="2019-04-04T07:42:13Z">
          <reporter-output>
          </reporter-output>
        </test-method> <!-- precondition -->
        <test-method status="PASS" signature="ValidLogin()[pri:2, instance:o2_TestNg_Annotations.O2A_After_before_method@2cfb4a64]" name="ValidLogin" duration-ms="2191" started-at="2019-04-04T07:42:13Z" finished-at="2019-04-04T07:42:15Z">
          <reporter-output>
          </reporter-output>
        </test-method> <!-- ValidLogin -->
        <test-method status="PASS" signature="AM()[pri:0, instance:o2_TestNg_Annotations.O2A_After_before_method@2cfb4a64]" name="AM" is-config="true" duration-ms="337" started-at="2019-04-04T07:42:15Z" finished-at="2019-04-04T07:42:15Z">
          <reporter-output>
          </reporter-output>
        </test-method> <!-- AM -->
        <test-method status="PASS" signature="precondition()[pri:0, instance:o2_TestNg_Annotations.O2A_After_before_method@2cfb4a64]" name="precondition" is-config="true" duration-ms="7462" started-at="2019-04-04T07:42:15Z" finished-at="2019-04-04T07:42:23Z">
          <reporter-output>
          </reporter-output>
        </test-method> <!-- precondition -->
        <test-method status="PASS" signature="InvalidLogin()[pri:3, instance:o2_TestNg_Annotations.O2A_After_before_method@2cfb4a64]" name="InvalidLogin" duration-ms="885" started-at="2019-04-04T07:42:23Z" finished-at="2019-04-04T07:42:24Z">
          <reporter-output>
          </reporter-output>
        </test-method> <!-- InvalidLogin -->
        <test-method status="PASS" signature="AM()[pri:0, instance:o2_TestNg_Annotations.O2A_After_before_method@2cfb4a64]" name="AM" is-config="true" duration-ms="3030" started-at="2019-04-04T07:42:24Z" finished-at="2019-04-04T07:42:27Z">
          <reporter-output>
          </reporter-output>
        </test-method> <!-- AM -->
      </class> <!-- o2_TestNg_Annotations.O2A_After_before_method -->
    </test> <!-- Default test -->
  </suite> <!-- Default suite -->
</testng-results>
