<?xml version="1.0" encoding="UTF-8"?>
<!-- Generated by org.testng.reporters.JUnitXMLReporter -->
<testsuite hostname="FILT076" name="Default test" tests="3" failures="0" timestamp="4 Apr 2019 02:12:27 GMT" time="35.002" errors="0">
  <testcase name="VerifyLandingPage" time="0.04" classname="o2_TestNg_Annotations.O2A_After_before_method"/>
  <testcase name="ValidLogin" time="2.191" classname="o2_TestNg_Annotations.O2A_After_before_method"/>
  <testcase name="InvalidLogin" time="0.885" classname="o2_TestNg_Annotations.O2A_After_before_method"/>
</testsuite> <!-- Default test -->
