<?xml version="1.0" encoding="UTF-8"?>
<!-- Generated by org.testng.reporters.JUnitXMLReporter -->
<testsuite hostname="FILT076" name="01and02classbatchexecution" tests="4" failures="0" timestamp="28 Mar 2019 04:40:24 GMT" time="0.408" errors="0">
  <testcase name="demo" time="0.215" classname="TestNG.O2_Batchexecution_suitefile"/>
  <testcase name="dummy" time="0.045" classname="TestNG.O2_Batchexecution_suitefile"/>
  <testcase name="prototype" time="0.017" classname="TestNG.O2_Batchexecution_suitefile"/>
  <testcase name="Testngclass" time="0.007" classname="TestNG.O1_TextNG_class"/>
</testsuite> <!-- 01and02classbatchexecution -->
