<?xml version="1.0" encoding="UTF-8"?>
<!-- Generated by org.testng.reporters.JUnitXMLReporter -->
<testsuite hostname="FILT076" name="Test" tests="3" failures="0" timestamp="28 Mar 2019 05:49:18 GMT" time="0.175" errors="0">
  <testcase name="dummy" time="0.075" classname="TestNG.O3_Orderofscriptexecution_threeways"/>
  <testcase name="prototype" time="0.004" classname="TestNG.O3_Orderofscriptexecution_threeways"/>
  <testcase name="demo" time="0.006" classname="TestNG.O3_Orderofscriptexecution_threeways"/>
</testsuite> <!-- Test -->
